#
# There is insufficient memory for the Java Runtime Environment to continue.
# Native memory allocation (malloc) failed to allocate 1048576 bytes for AllocateHeap
# Possible reasons:
#   The system is out of physical RAM or swap space
#   In 32 bit mode, the process size limit was hit
# Possible solutions:
#   Reduce memory load on the system
#   Increase physical memory or swap space
#   Check if swap backing store is full
#   Use 64 bit Java on a 64 bit OS
#   Decrease Java heap size (-Xmx/-Xms)
#   Decrease number of Java threads
#   Decrease Java thread stack sizes (-Xss)
#   Set larger code cache with -XX:ReservedCodeCacheSize=
# This output file may be truncated or incomplete.
#
#  Out of Memory Error (memory/allocation.inline.hpp:61), pid=19060, tid=0x00000000000028cc
#
# JRE version:  (8.0) (build )
# Java VM: OpenJDK 64-Bit Server VM (25.71-b00 mixed mode windows-amd64 compressed oops)
# Failed to write core dump. Minidumps are not enabled by default on client versions of Windows
#

---------------  T H R E A D  ---------------

Current thread (0x00000000026a2800):  JavaThread "Unknown thread" [_thread_in_vm, id=10444, stack(0x0000000002590000,0x0000000002690000)]

Stack: [0x0000000002590000,0x0000000002690000]
[error occurred during error reporting (printing stack bounds), id 0xc0000005]

Native frames: (J=compiled Java code, j=interpreted, Vv=VM code, C=native code)


---------------  P R O C E S S  ---------------

Java Threads: ( => current thread )

Other Threads:

=>0x00000000026a2800 (exited) JavaThread "Unknown thread" [_thread_in_vm, id=10444, stack(0x0000000002590000,0x0000000002690000)]

VM state:not at safepoint (normal execution)

VM Mutex/Monitor currently owned by a thread: None

Heap:
 PSYoungGen      total 38400K, used 665K [0x00000000d5980000, 0x00000000d8400000, 0x0000000100000000)
  eden space 33280K, 2% used [0x00000000d5980000,0x00000000d5a26670,0x00000000d7a00000)
  from space 5120K, 0% used [0x00000000d7f00000,0x00000000d7f00000,0x00000000d8400000)
  to   space 5120K, 0% used [0x00000000d7a00000,0x00000000d7a00000,0x00000000d7f00000)
 ParOldGen       total 87552K, used 0K [0x0000000080c00000, 0x0000000086180000, 0x00000000d5980000)
  object space 87552K, 0% used [0x0000000080c00000,0x0000000080c00000,0x0000000086180000)
 Metaspace       used 777K, capacity 4480K, committed 4480K, reserved 1056768K
  class space    used 74K, capacity 384K, committed 384K, reserved 1048576K

Card table byte_map: [0x0000000011b60000,0x0000000011f60000] byte_map_base: 0x000000001175a000

Marking Bits: (ParMarkBitMap*) 0x0000000055e9be50
 Begin Bits: [0x0000000012610000, 0x00000000145e0000)
 End Bits:   [0x00000000145e0000, 0x00000000165b0000)

Polling page: 0x0000000000620000

CodeCache: size=245760Kb used=328Kb max_used=328Kb free=245431Kb
 bounds [0x00000000027a0000, 0x0000000002a10000, 0x00000000117a0000]
 total_blobs=57 nmethods=0 adapters=38
 compilation: enabled

Compilation events (0 events):
No events

GC Heap History (0 events):
No events

Deoptimization events (0 events):
No events

Classes redefined (0 events):
No events

Internal exceptions (0 events):
No events

Events (10 events):
Event: 0.017 loading class java/lang/Short
Event: 0.017 loading class java/lang/Short done
Event: 0.017 loading class java/lang/Integer
Event: 0.017 loading class java/lang/Integer done
Event: 0.017 loading class java/lang/Long
Event: 0.017 loading class java/lang/Long done
Event: 0.018 loading class java/lang/NullPointerException
Event: 0.018 loading class java/lang/NullPointerException done
Event: 0.018 loading class java/lang/ArithmeticException
Event: 0.018 loading class java/lang/ArithmeticException done


Dynamic libraries:
0x00007ff60e460000 - 0x00007ff60e495000 	G:\Unity\2020.3.25f1c1\Editor\Data\PlaybackEngines\AndroidPlayer\OpenJDK\bin\java.exe
0x00007ffca47f0000 - 0x00007ffca49e5000 	C:\WINDOWS\SYSTEM32\ntdll.dll
0x00007ffca37a0000 - 0x00007ffca385d000 	C:\WINDOWS\System32\KERNEL32.DLL
0x00007ffca2200000 - 0x00007ffca24c9000 	C:\WINDOWS\System32\KERNELBASE.dll
0x00007ffca3870000 - 0x00007ffca391c000 	C:\WINDOWS\System32\ADVAPI32.dll
0x00007ffca3130000 - 0x00007ffca31ce000 	C:\WINDOWS\System32\msvcrt.dll
0x00007ffca3010000 - 0x00007ffca30ab000 	C:\WINDOWS\System32\sechost.dll
0x00007ffca32e0000 - 0x00007ffca340a000 	C:\WINDOWS\System32\RPCRT4.dll
0x00007ffca35a0000 - 0x00007ffca3740000 	C:\WINDOWS\System32\USER32.dll
0x00007ffca1f90000 - 0x00007ffca1fb2000 	C:\WINDOWS\System32\win32u.dll
0x00007ffca4720000 - 0x00007ffca474a000 	C:\WINDOWS\System32\GDI32.dll
0x00007ffca2070000 - 0x00007ffca217b000 	C:\WINDOWS\System32\gdi32full.dll
0x00007ffca25d0000 - 0x00007ffca266d000 	C:\WINDOWS\System32\msvcp_win.dll
0x00007ffca24d0000 - 0x00007ffca25d0000 	C:\WINDOWS\System32\ucrtbase.dll
0x00007ffc8be70000 - 0x00007ffc8c10a000 	C:\WINDOWS\WinSxS\amd64_microsoft.windows.common-controls_6595b64144ccf1df_6.0.19041.1083_none_60bbe31371f34e71\COMCTL32.dll
0x00007ffca3940000 - 0x00007ffca3970000 	C:\WINDOWS\System32\IMM32.DLL
0x0000000055f20000 - 0x0000000055ff2000 	G:\Unity\2020.3.25f1c1\Editor\Data\PlaybackEngines\AndroidPlayer\OpenJDK\jre\bin\msvcr100.dll
0x00000000556d0000 - 0x0000000055f19000 	G:\Unity\2020.3.25f1c1\Editor\Data\PlaybackEngines\AndroidPlayer\OpenJDK\jre\bin\server\jvm.dll
0x00007ffca3000000 - 0x00007ffca3008000 	C:\WINDOWS\System32\PSAPI.DLL
0x00007ffc9b8c0000 - 0x00007ffc9b8ca000 	C:\WINDOWS\SYSTEM32\VERSION.dll
0x00007ffc91e90000 - 0x00007ffc91eb7000 	C:\WINDOWS\SYSTEM32\WINMM.dll
0x00007ffc9dc50000 - 0x00007ffc9dc59000 	C:\WINDOWS\SYSTEM32\WSOCK32.dll
0x00007ffca3970000 - 0x00007ffca39db000 	C:\WINDOWS\System32\WS2_32.dll
0x00007ffc9bda0000 - 0x00007ffc9bdaf000 	G:\Unity\2020.3.25f1c1\Editor\Data\PlaybackEngines\AndroidPlayer\OpenJDK\jre\bin\verify.dll
0x00007ffc837f0000 - 0x00007ffc83819000 	G:\Unity\2020.3.25f1c1\Editor\Data\PlaybackEngines\AndroidPlayer\OpenJDK\jre\bin\java.dll
0x00007ffc837d0000 - 0x00007ffc837e6000 	G:\Unity\2020.3.25f1c1\Editor\Data\PlaybackEngines\AndroidPlayer\OpenJDK\jre\bin\zip.dll

VM Arguments:
jvm_args: -Dfile.encoding=UTF-8 
java_command: <unknown>
java_class_path (initial): .
Launcher Type: SUN_STANDARD

Environment Variables:
JAVA_HOME=C:\Program Files\Java\jdk1.8.0_271
JAVA_TOOL_OPTIONS=-Dfile.encoding=UTF-8
PATH=C:\Program Files\Java\jdk1.8.0_271\jre\bin;C:\Program Files\Java\jdk1.8.0_271\bin;C:\Program Files (x86)\Common Files\Intel\Shared Libraries\redist\intel64_win\compiler;C:\Windows\system32;C:\Windows;C:\Windows\System32\Wbem;C:\Windows\System32\WindowsPowerShell\v1.0\;C:\Windows\System32\OpenSSH\;C:\Program Files (x86)\NVIDIA Corporation\PhysX\Common;C:\Program Files\NVIDIA Corporation\NVIDIA NvDLISR;C:\Program Files\dotnet\;C:\Program Files (x86)\Common Files\Oracle\Java\javapath;C:\ProgramData\Oracle\Java\javapath;C:\WINDOWS\system32;C:\WINDOWS;C:\WINDOWS\System32\Wbem;C:\WINDOWS\System32\WindowsPowerShell\v1.0\;C:\WINDOWS\System32\OpenSSH\;C:\Users\Administrator\AppData\Local\Microsoft\WindowsApps;C:\Users\Administrator\.dotnet\tools;;D:\IntelliJ IDEA 2021.2\bin;
USERNAME=Administrator
OS=Windows_NT
PROCESSOR_IDENTIFIER=Intel64 Family 6 Model 158 Stepping 11, GenuineIntel



---------------  S Y S T E M  ---------------

OS: Windows 10.0 , 64 bit Build 19041 (10.0.19041.1023)

CPU:total 4 (initial active 4) (4 cores per cpu, 1 threads per core) family 6 model 158 stepping 11, cmov, cx8, fxsr, mmx, sse, sse2, sse3, ssse3, sse4.1, sse4.2, popcnt, avx, avx2, aes, clmul, erms, 3dnowpref, lzcnt, tsc, tscinvbit, bmi1, bmi2, adx

Memory: 4k page, physical 8331608k(682720k free), swap 12525912k(10776k free)

vm_info: OpenJDK 64-Bit Server VM (25.71-b00) for windows-amd64 JRE (1.8.0-adoptopenjdk-_2018_05_19_00_59-b00), built on May 19 2018 01:02:12 by "jenkins" with MS VC++ 10.0 (VS2010)

time: Thu Aug 11 14:49:16 2022
elapsed time: 0 seconds (0d 0h 0m 0s)

