#
# There is insufficient memory for the Java Runtime Environment to continue.
# Native memory allocation (malloc) failed to allocate 1048576 bytes for AllocateHeap
# Possible reasons:
#   The system is out of physical RAM or swap space
#   In 32 bit mode, the process size limit was hit
# Possible solutions:
#   Reduce memory load on the system
#   Increase physical memory or swap space
#   Check if swap backing store is full
#   Use 64 bit Java on a 64 bit OS
#   Decrease Java heap size (-Xmx/-Xms)
#   Decrease number of Java threads
#   Decrease Java thread stack sizes (-Xss)
#   Set larger code cache with -XX:ReservedCodeCacheSize=
# This output file may be truncated or incomplete.
#
#  Out of Memory Error (memory/allocation.inline.hpp:61), pid=15760, tid=0x0000000000006294
#
# JRE version:  (8.0) (build )
# Java VM: OpenJDK 64-Bit Server VM (25.71-b00 mixed mode windows-amd64 compressed oops)
# Failed to write core dump. Minidumps are not enabled by default on client versions of Windows
#

---------------  T H R E A D  ---------------

Current thread (0x0000000003422800):  JavaThread "Unknown thread" [_thread_in_vm, id=25236, stack(0x0000000003320000,0x0000000003420000)]

Stack: [0x0000000003320000,0x0000000003420000]
[error occurred during error reporting (printing stack bounds), id 0xc0000005]

Native frames: (J=compiled Java code, j=interpreted, Vv=VM code, C=native code)


---------------  P R O C E S S  ---------------

Java Threads: ( => current thread )

Other Threads:

=>0x0000000003422800 (exited) JavaThread "Unknown thread" [_thread_in_vm, id=25236, stack(0x0000000003320000,0x0000000003420000)]

VM state:not at safepoint (normal execution)

VM Mutex/Monitor currently owned by a thread: None

Heap:
 PSYoungGen      total 38400K, used 665K [0x00000000d5980000, 0x00000000d8400000, 0x0000000100000000)
  eden space 33280K, 2% used [0x00000000d5980000,0x00000000d5a26670,0x00000000d7a00000)
  from space 5120K, 0% used [0x00000000d7f00000,0x00000000d7f00000,0x00000000d8400000)
  to   space 5120K, 0% used [0x00000000d7a00000,0x00000000d7a00000,0x00000000d7f00000)
 ParOldGen       total 87552K, used 0K [0x0000000080c00000, 0x0000000086180000, 0x00000000d5980000)
  object space 87552K, 0% used [0x0000000080c00000,0x0000000080c00000,0x0000000086180000)
 Metaspace       used 777K, capacity 4480K, committed 4480K, reserved 1056768K
  class space    used 74K, capacity 384K, committed 384K, reserved 1048576K

Card table byte_map: [0x00000000128e0000,0x0000000012ce0000] byte_map_base: 0x00000000124da000

Marking Bits: (ParMarkBitMap*) 0x000000007178be50
 Begin Bits: [0x0000000013390000, 0x0000000015360000)
 End Bits:   [0x0000000015360000, 0x0000000017330000)

Polling page: 0x0000000002ea0000

CodeCache: size=245760Kb used=328Kb max_used=328Kb free=245431Kb
 bounds [0x0000000003520000, 0x0000000003790000, 0x0000000012520000]
 total_blobs=57 nmethods=0 adapters=38
 compilation: enabled

Compilation events (0 events):
No events

GC Heap History (0 events):
No events

Deoptimization events (0 events):
No events

Classes redefined (0 events):
No events

Internal exceptions (0 events):
No events

Events (10 events):
Event: 0.016 loading class java/lang/Short
Event: 0.016 loading class java/lang/Short done
Event: 0.016 loading class java/lang/Integer
Event: 0.016 loading class java/lang/Integer done
Event: 0.016 loading class java/lang/Long
Event: 0.016 loading class java/lang/Long done
Event: 0.017 loading class java/lang/NullPointerException
Event: 0.017 loading class java/lang/NullPointerException done
Event: 0.017 loading class java/lang/ArithmeticException
Event: 0.017 loading class java/lang/ArithmeticException done


Dynamic libraries:
0x00007ff707420000 - 0x00007ff707455000 	G:\Unity\2020.3.25f1c1\Editor\Data\PlaybackEngines\AndroidPlayer\OpenJDK\bin\java.exe
0x00007ff975150000 - 0x00007ff975345000 	C:\WINDOWS\SYSTEM32\ntdll.dll
0x00007ff973640000 - 0x00007ff9736fd000 	C:\WINDOWS\System32\KERNEL32.DLL
0x00007ff972b70000 - 0x00007ff972e39000 	C:\WINDOWS\System32\KERNELBASE.dll
0x00007ff9737d0000 - 0x00007ff97387c000 	C:\WINDOWS\System32\ADVAPI32.dll
0x00007ff973a20000 - 0x00007ff973abe000 	C:\WINDOWS\System32\msvcrt.dll
0x00007ff973980000 - 0x00007ff973a1b000 	C:\WINDOWS\System32\sechost.dll
0x00007ff973510000 - 0x00007ff97363a000 	C:\WINDOWS\System32\RPCRT4.dll
0x00007ff973340000 - 0x00007ff9734e0000 	C:\WINDOWS\System32\USER32.dll
0x00007ff972960000 - 0x00007ff972982000 	C:\WINDOWS\System32\win32u.dll
0x00007ff9734e0000 - 0x00007ff97350a000 	C:\WINDOWS\System32\GDI32.dll
0x00007ff973000000 - 0x00007ff97310b000 	C:\WINDOWS\System32\gdi32full.dll
0x00007ff972890000 - 0x00007ff97292d000 	C:\WINDOWS\System32\msvcp_win.dll
0x00007ff9729e0000 - 0x00007ff972ae0000 	C:\WINDOWS\System32\ucrtbase.dll
0x00007ff95c510000 - 0x00007ff95c7aa000 	C:\WINDOWS\WinSxS\amd64_microsoft.windows.common-controls_6595b64144ccf1df_6.0.19041.1083_none_60bbe31371f34e71\COMCTL32.dll
0x00007ff973d20000 - 0x00007ff973d50000 	C:\WINDOWS\System32\IMM32.DLL
0x0000000071810000 - 0x00000000718e2000 	G:\Unity\2020.3.25f1c1\Editor\Data\PlaybackEngines\AndroidPlayer\OpenJDK\jre\bin\msvcr100.dll
0x0000000070fc0000 - 0x0000000071809000 	G:\Unity\2020.3.25f1c1\Editor\Data\PlaybackEngines\AndroidPlayer\OpenJDK\jre\bin\server\jvm.dll
0x00007ff973db0000 - 0x00007ff973db8000 	C:\WINDOWS\System32\PSAPI.DLL
0x00007ff96dab0000 - 0x00007ff96dab9000 	C:\WINDOWS\SYSTEM32\WSOCK32.dll
0x00007ff9652b0000 - 0x00007ff9652d7000 	C:\WINDOWS\SYSTEM32\WINMM.dll
0x00007ff96c710000 - 0x00007ff96c71a000 	C:\WINDOWS\SYSTEM32\VERSION.dll
0x00007ff973890000 - 0x00007ff9738fb000 	C:\WINDOWS\System32\WS2_32.dll
0x00007ff96c4a0000 - 0x00007ff96c4af000 	G:\Unity\2020.3.25f1c1\Editor\Data\PlaybackEngines\AndroidPlayer\OpenJDK\jre\bin\verify.dll
0x00007ff943000000 - 0x00007ff943029000 	G:\Unity\2020.3.25f1c1\Editor\Data\PlaybackEngines\AndroidPlayer\OpenJDK\jre\bin\java.dll
0x00007ff942fe0000 - 0x00007ff942ff6000 	G:\Unity\2020.3.25f1c1\Editor\Data\PlaybackEngines\AndroidPlayer\OpenJDK\jre\bin\zip.dll

VM Arguments:
jvm_args: -Dfile.encoding=UTF-8 
java_command: <unknown>
java_class_path (initial): .
Launcher Type: SUN_STANDARD

Environment Variables:
JAVA_HOME=C:\Program Files\Java\jdk1.8.0_271
JAVA_TOOL_OPTIONS=-Dfile.encoding=UTF-8
PATH=C:\Program Files\Java\jdk1.8.0_271\jre\bin;C:\Program Files\Java\jdk1.8.0_271\bin;C:\Program Files (x86)\Common Files\Intel\Shared Libraries\redist\intel64_win\compiler;C:\Windows\system32;C:\Windows;C:\Windows\System32\Wbem;C:\Windows\System32\WindowsPowerShell\v1.0\;C:\Windows\System32\OpenSSH\;C:\Program Files (x86)\NVIDIA Corporation\PhysX\Common;C:\Program Files\NVIDIA Corporation\NVIDIA NvDLISR;C:\Program Files\dotnet\;C:\Program Files (x86)\Common Files\Oracle\Java\javapath;C:\ProgramData\Oracle\Java\javapath;C:\WINDOWS\system32;C:\WINDOWS;C:\WINDOWS\System32\Wbem;C:\WINDOWS\System32\WindowsPowerShell\v1.0\;C:\WINDOWS\System32\OpenSSH\;C:\Users\Administrator\AppData\Local\Microsoft\WindowsApps;C:\Users\Administrator\.dotnet\tools;;D:\IntelliJ IDEA 2021.2\bin;
USERNAME=Administrator
OS=Windows_NT
PROCESSOR_IDENTIFIER=Intel64 Family 6 Model 158 Stepping 11, GenuineIntel



---------------  S Y S T E M  ---------------

OS: Windows 10.0 , 64 bit Build 19041 (10.0.19041.1023)

CPU:total 4 (initial active 4) (4 cores per cpu, 1 threads per core) family 6 model 158 stepping 11, cmov, cx8, fxsr, mmx, sse, sse2, sse3, ssse3, sse4.1, sse4.2, popcnt, avx, avx2, aes, clmul, erms, 3dnowpref, lzcnt, tsc, tscinvbit, bmi1, bmi2, adx

Memory: 4k page, physical 8331608k(657984k free), swap 12525912k(5908k free)

vm_info: OpenJDK 64-Bit Server VM (25.71-b00) for windows-amd64 JRE (1.8.0-adoptopenjdk-_2018_05_19_00_59-b00), built on May 19 2018 01:02:12 by "jenkins" with MS VC++ 10.0 (VS2010)

time: Tue Aug 16 22:13:33 2022
elapsed time: 0 seconds (0d 0h 0m 0s)

